<?xml version="1.0" encoding="UTF-8"?>
<coverage generated="1664738984121" clover="3.2.0">
  <project timestamp="1664738984121" name="All files">
    <metrics statements="249" coveredstatements="143" conditionals="77" coveredconditionals="39" methods="104" coveredmethods="65" elements="430" coveredelements="247" complexity="0" loc="249" ncloc="249" packages="14" files="28" classes="28"/>
    <package name="app">
      <metrics statements="5" coveredstatements="0" conditionals="0" coveredconditionals="0" methods="2" coveredmethods="0"/>
      <file name="App.jsx" path="/Users/hmanri/workspace/github-memory/src/app/App.jsx">
        <metrics statements="1" coveredstatements="0" conditionals="0" coveredconditionals="0" methods="1" coveredmethods="0"/>
        <line num="9" count="0" type="stmt"/>
      </file>
      <file name="globalStyles.js" path="/Users/hmanri/workspace/github-memory/src/app/globalStyles.js">
        <metrics statements="2" coveredstatements="0" conditionals="0" coveredconditionals="0" methods="1" coveredmethods="0"/>
        <line num="3" count="0" type="stmt"/>
        <line num="34" count="0" type="stmt"/>
      </file>
      <file name="index.jsx" path="/Users/hmanri/workspace/github-memory/src/app/index.jsx">
        <metrics statements="2" coveredstatements="0" conditionals="0" coveredconditionals="0" methods="0" coveredmethods="0"/>
        <line num="10" count="0" type="stmt"/>
        <line num="12" count="0" type="stmt"/>
      </file>
    </package>
    <package name="app.components.Button">
      <metrics statements="14" coveredstatements="14" conditionals="4" coveredconditionals="4" methods="13" coveredmethods="13"/>
      <file name="Button.style.js" path="/Users/hmanri/workspace/github-memory/src/app/components/Button/Button.style.js">
        <metrics statements="12" coveredstatements="12" conditionals="2" coveredconditionals="2" methods="12" coveredmethods="12"/>
        <line num="3" count="3" type="stmt"/>
        <line num="5" count="6" type="stmt"/>
        <line num="10" count="6" type="stmt"/>
        <line num="11" count="6" type="stmt"/>
        <line num="12" count="6" type="stmt"/>
        <line num="13" count="6" type="stmt"/>
        <line num="16" count="6" type="stmt"/>
        <line num="20" count="6" type="stmt"/>
        <line num="24" count="6" type="cond" truecount="2" falsecount="0"/>
        <line num="27" count="1" type="stmt"/>
        <line num="28" count="1" type="stmt"/>
        <line num="32" count="1" type="stmt"/>
      </file>
      <file name="index.jsx" path="/Users/hmanri/workspace/github-memory/src/app/components/Button/index.jsx">
        <metrics statements="2" coveredstatements="2" conditionals="2" coveredconditionals="2" methods="1" coveredmethods="1"/>
        <line num="7" count="6" type="stmt"/>
        <line num="18" count="3" type="stmt"/>
      </file>
    </package>
    <package name="app.components.Card">
      <metrics statements="10" coveredstatements="10" conditionals="8" coveredconditionals="8" methods="7" coveredmethods="7"/>
      <file name="Card.style.js" path="/Users/hmanri/workspace/github-memory/src/app/components/Card/Card.style.js">
        <metrics statements="8" coveredstatements="8" conditionals="6" coveredconditionals="6" methods="6" coveredmethods="6"/>
        <line num="3" count="2" type="stmt"/>
        <line num="6" count="6" type="stmt"/>
        <line num="10" count="6" type="stmt"/>
        <line num="25" count="6" type="cond" truecount="2" falsecount="0"/>
        <line num="33" count="6" type="cond" truecount="2" falsecount="0"/>
        <line num="41" count="2" type="stmt"/>
        <line num="47" count="6" type="stmt"/>
        <line num="52" count="6" type="cond" truecount="2" falsecount="0"/>
      </file>
      <file name="index.jsx" path="/Users/hmanri/workspace/github-memory/src/app/components/Card/index.jsx">
        <metrics statements="2" coveredstatements="2" conditionals="2" coveredconditionals="2" methods="1" coveredmethods="1"/>
        <line num="7" count="6" type="stmt"/>
        <line num="20" count="2" type="stmt"/>
      </file>
    </package>
    <package name="app.components.Modal">
      <metrics statements="35" coveredstatements="28" conditionals="22" coveredconditionals="11" methods="11" coveredmethods="9"/>
      <file name="Modal.style.js" path="/Users/hmanri/workspace/github-memory/src/app/components/Modal/Modal.style.js">
        <metrics statements="9" coveredstatements="9" conditionals="2" coveredconditionals="2" methods="6" coveredmethods="6"/>
        <line num="3" count="1" type="stmt"/>
        <line num="15" count="4" type="cond" truecount="2" falsecount="0"/>
        <line num="21" count="1" type="stmt"/>
        <line num="23" count="4" type="stmt"/>
        <line num="30" count="4" type="stmt"/>
        <line num="33" count="1" type="stmt"/>
        <line num="35" count="4" type="stmt"/>
        <line num="36" count="4" type="stmt"/>
        <line num="38" count="4" type="stmt"/>
      </file>
      <file name="index.jsx" path="/Users/hmanri/workspace/github-memory/src/app/components/Modal/index.jsx">
        <metrics statements="26" coveredstatements="19" conditionals="20" coveredconditionals="9" methods="5" coveredmethods="3"/>
        <line num="8" count="4" type="stmt"/>
        <line num="9" count="4" type="stmt"/>
        <line num="10" count="4" type="stmt"/>
        <line num="11" count="4" type="stmt"/>
        <line num="13" count="4" type="stmt"/>
        <line num="14" count="0" type="cond" truecount="0" falsecount="4"/>
        <line num="15" count="0" type="stmt"/>
        <line num="19" count="4" type="stmt"/>
        <line num="20" count="0" type="stmt"/>
        <line num="21" count="0" type="stmt"/>
        <line num="24" count="4" type="stmt"/>
        <line num="26" count="1" type="cond" truecount="1" falsecount="1"/>
        <line num="27" count="1" type="stmt"/>
        <line num="33" count="4" type="stmt"/>
        <line num="34" count="4" type="cond" truecount="4" falsecount="0"/>
        <line num="35" count="2" type="stmt"/>
        <line num="37" count="2" type="cond" truecount="1" falsecount="1"/>
        <line num="38" count="2" type="stmt"/>
        <line num="41" count="2" type="stmt"/>
        <line num="44" count="2" type="cond" truecount="2" falsecount="2"/>
        <line num="45" count="0" type="stmt"/>
        <line num="47" count="0" type="cond" truecount="0" falsecount="2"/>
        <line num="48" count="0" type="stmt"/>
        <line num="53" count="4" type="cond" truecount="1" falsecount="1"/>
        <line num="55" count="4" type="stmt"/>
        <line num="73" count="1" type="stmt"/>
      </file>
    </package>
    <package name="app.components.Spinner">
      <metrics statements="5" coveredstatements="5" conditionals="0" coveredconditionals="0" methods="3" coveredmethods="3"/>
      <file name="Spinner.style.js" path="/Users/hmanri/workspace/github-memory/src/app/components/Spinner/Spinner.style.js">
        <metrics statements="3" coveredstatements="3" conditionals="0" coveredconditionals="0" methods="2" coveredmethods="2"/>
        <line num="3" count="1" type="stmt"/>
        <line num="4" count="1" type="stmt"/>
        <line num="6" count="1" type="stmt"/>
      </file>
      <file name="index.js" path="/Users/hmanri/workspace/github-memory/src/app/components/Spinner/index.js">
        <metrics statements="2" coveredstatements="2" conditionals="0" coveredconditionals="0" methods="1" coveredmethods="1"/>
        <line num="7" count="1" type="stmt"/>
        <line num="10" count="1" type="stmt"/>
      </file>
    </package>
    <package name="app.constants">
      <metrics statements="1" coveredstatements="1" conditionals="0" coveredconditionals="0" methods="0" coveredmethods="0"/>
      <file name="gameResult.js" path="/Users/hmanri/workspace/github-memory/src/app/constants/gameResult.js">
        <metrics statements="1" coveredstatements="1" conditionals="0" coveredconditionals="0" methods="0" coveredmethods="0"/>
        <line num="1" count="1" type="stmt"/>
      </file>
    </package>
    <package name="app.hooks">
      <metrics statements="32" coveredstatements="22" conditionals="7" coveredconditionals="5" methods="10" coveredmethods="7"/>
      <file name="useFetchRequest.js" path="/Users/hmanri/workspace/github-memory/src/app/hooks/useFetchRequest.js">
        <metrics statements="7" coveredstatements="7" conditionals="0" coveredconditionals="0" methods="2" coveredmethods="2"/>
        <line num="4" count="2" type="stmt"/>
        <line num="6" count="2" type="stmt"/>
        <line num="7" count="1" type="stmt"/>
        <line num="8" count="1" type="stmt"/>
        <line num="9" count="1" type="stmt"/>
        <line num="10" count="1" type="stmt"/>
        <line num="13" count="2" type="stmt"/>
      </file>
      <file name="useGetImages.js" path="/Users/hmanri/workspace/github-memory/src/app/hooks/useGetImages.js">
        <metrics statements="10" coveredstatements="0" conditionals="1" coveredconditionals="0" methods="3" coveredmethods="0"/>
        <line num="8" count="0" type="stmt"/>
        <line num="9" count="0" type="stmt"/>
        <line num="11" count="0" type="stmt"/>
        <line num="12" count="0" type="stmt"/>
        <line num="13" count="0" type="stmt"/>
        <line num="15" count="0" type="stmt"/>
        <line num="17" count="0" type="stmt"/>
        <line num="23" count="0" type="stmt"/>
        <line num="25" count="0" type="stmt"/>
        <line num="28" count="0" type="stmt"/>
      </file>
      <file name="useTimer.js" path="/Users/hmanri/workspace/github-memory/src/app/hooks/useTimer.js">
        <metrics statements="15" coveredstatements="15" conditionals="6" coveredconditionals="5" methods="5" coveredmethods="5"/>
        <line num="3" count="2" type="stmt"/>
        <line num="9" count="8" type="stmt"/>
        <line num="10" count="8" type="stmt"/>
        <line num="11" count="8" type="stmt"/>
        <line num="13" count="8" type="stmt"/>
        <line num="14" count="3" type="stmt"/>
        <line num="17" count="8" type="stmt"/>
        <line num="18" count="2" type="cond" truecount="1" falsecount="1"/>
        <line num="19" count="2" type="stmt"/>
        <line num="20" count="2" type="stmt"/>
        <line num="24" count="8" type="stmt"/>
        <line num="25" count="8" type="cond" truecount="4" falsecount="0"/>
        <line num="26" count="4" type="stmt"/>
        <line num="27" count="2" type="stmt"/>
        <line num="32" count="8" type="stmt"/>
      </file>
    </package>
    <package name="app.layout">
      <metrics statements="9" coveredstatements="0" conditionals="0" coveredconditionals="0" methods="6" coveredmethods="0"/>
      <file name="MainLayout.jsx" path="/Users/hmanri/workspace/github-memory/src/app/layout/MainLayout.jsx">
        <metrics statements="1" coveredstatements="0" conditionals="0" coveredconditionals="0" methods="1" coveredmethods="0"/>
        <line num="7" count="0" type="stmt"/>
      </file>
      <file name="MainLayout.style.js" path="/Users/hmanri/workspace/github-memory/src/app/layout/MainLayout.style.js">
        <metrics statements="8" coveredstatements="0" conditionals="0" coveredconditionals="0" methods="5" coveredmethods="0"/>
        <line num="3" count="0" type="stmt"/>
        <line num="4" count="0" type="stmt"/>
        <line num="5" count="0" type="stmt"/>
        <line num="9" count="0" type="stmt"/>
        <line num="10" count="0" type="stmt"/>
        <line num="11" count="0" type="stmt"/>
        <line num="14" count="0" type="stmt"/>
        <line num="17" count="0" type="stmt"/>
      </file>
    </package>
    <package name="app.pages.Home">
      <metrics statements="17" coveredstatements="16" conditionals="0" coveredconditionals="0" methods="9" coveredmethods="8"/>
      <file name="Home.style.js" path="/Users/hmanri/workspace/github-memory/src/app/pages/Home/Home.style.js">
        <metrics statements="14" coveredstatements="14" conditionals="0" coveredconditionals="0" methods="7" coveredmethods="7"/>
        <line num="3" count="1" type="stmt"/>
        <line num="8" count="1" type="stmt"/>
        <line num="16" count="1" type="stmt"/>
        <line num="20" count="1" type="stmt"/>
        <line num="24" count="1" type="stmt"/>
        <line num="28" count="1" type="stmt"/>
        <line num="31" count="1" type="stmt"/>
        <line num="32" count="1" type="stmt"/>
        <line num="33" count="1" type="stmt"/>
        <line num="36" count="1" type="stmt"/>
        <line num="37" count="1" type="stmt"/>
        <line num="41" count="1" type="stmt"/>
        <line num="42" count="1" type="stmt"/>
        <line num="46" count="1" type="stmt"/>
      </file>
      <file name="index.jsx" path="/Users/hmanri/workspace/github-memory/src/app/pages/Home/index.jsx">
        <metrics statements="3" coveredstatements="2" conditionals="0" coveredconditionals="0" methods="2" coveredmethods="1"/>
        <line num="16" count="1" type="stmt"/>
        <line num="18" count="1" type="stmt"/>
        <line num="27" count="0" type="stmt"/>
      </file>
    </package>
    <package name="app.pages.Match">
      <metrics statements="49" coveredstatements="0" conditionals="10" coveredconditionals="0" methods="20" coveredmethods="0"/>
      <file name="Match.style.js" path="/Users/hmanri/workspace/github-memory/src/app/pages/Match/Match.style.js">
        <metrics statements="20" coveredstatements="0" conditionals="0" coveredconditionals="0" methods="12" coveredmethods="0"/>
        <line num="3" count="0" type="stmt"/>
        <line num="8" count="0" type="stmt"/>
        <line num="16" count="0" type="stmt"/>
        <line num="20" count="0" type="stmt"/>
        <line num="22" count="0" type="stmt"/>
        <line num="26" count="0" type="stmt"/>
        <line num="30" count="0" type="stmt"/>
        <line num="31" count="0" type="stmt"/>
        <line num="34" count="0" type="stmt"/>
        <line num="35" count="0" type="stmt"/>
        <line num="38" count="0" type="stmt"/>
        <line num="39" count="0" type="stmt"/>
        <line num="42" count="0" type="stmt"/>
        <line num="45" count="0" type="stmt"/>
        <line num="46" count="0" type="stmt"/>
        <line num="49" count="0" type="stmt"/>
        <line num="53" count="0" type="stmt"/>
        <line num="63" count="0" type="stmt"/>
        <line num="68" count="0" type="stmt"/>
        <line num="69" count="0" type="stmt"/>
      </file>
      <file name="index.jsx" path="/Users/hmanri/workspace/github-memory/src/app/pages/Match/index.jsx">
        <metrics statements="29" coveredstatements="0" conditionals="10" coveredconditionals="0" methods="8" coveredmethods="0"/>
        <line num="23" count="0" type="stmt"/>
        <line num="24" count="0" type="stmt"/>
        <line num="25" count="0" type="stmt"/>
        <line num="26" count="0" type="stmt"/>
        <line num="27" count="0" type="stmt"/>
        <line num="28" count="0" type="stmt"/>
        <line num="30" count="0" type="stmt"/>
        <line num="31" count="0" type="stmt"/>
        <line num="32" count="0" type="stmt"/>
        <line num="33" count="0" type="stmt"/>
        <line num="36" count="0" type="stmt"/>
        <line num="37" count="0" type="stmt"/>
        <line num="38" count="0" type="stmt"/>
        <line num="39" count="0" type="stmt"/>
        <line num="40" count="0" type="stmt"/>
        <line num="43" count="0" type="stmt"/>
        <line num="44" count="0" type="stmt"/>
        <line num="46" count="0" type="stmt"/>
        <line num="48" count="0" type="stmt"/>
        <line num="49" count="0" type="stmt"/>
        <line num="50" count="0" type="stmt"/>
        <line num="51" count="0" type="stmt"/>
        <line num="54" count="0" type="stmt"/>
        <line num="57" count="0" type="stmt"/>
        <line num="58" count="0" type="stmt"/>
        <line num="61" count="0" type="cond" truecount="0" falsecount="2"/>
        <line num="63" count="0" type="stmt"/>
        <line num="81" count="0" type="stmt"/>
        <line num="89" count="0" type="stmt"/>
      </file>
    </package>
    <package name="app.pages.Match.components.Board">
      <metrics statements="61" coveredstatements="40" conditionals="18" coveredconditionals="8" methods="19" coveredmethods="16"/>
      <file name="Board.style.js" path="/Users/hmanri/workspace/github-memory/src/app/pages/Match/components/Board/Board.style.js">
        <metrics statements="10" coveredstatements="10" conditionals="0" coveredconditionals="0" methods="5" coveredmethods="5"/>
        <line num="4" count="1" type="stmt"/>
        <line num="13" count="1" type="stmt"/>
        <line num="19" count="1" type="stmt"/>
        <line num="27" count="1" type="stmt"/>
        <line num="31" count="1" type="stmt"/>
        <line num="32" count="1" type="stmt"/>
        <line num="33" count="1" type="stmt"/>
        <line num="42" count="1" type="stmt"/>
        <line num="43" count="3" type="stmt"/>
        <line num="46" count="1" type="stmt"/>
      </file>
      <file name="index.jsx" path="/Users/hmanri/workspace/github-memory/src/app/pages/Match/components/Board/index.jsx">
        <metrics statements="51" coveredstatements="30" conditionals="18" coveredconditionals="8" methods="14" coveredmethods="11"/>
        <line num="16" count="1" type="stmt"/>
        <line num="19" count="2" type="stmt"/>
        <line num="20" count="2" type="stmt"/>
        <line num="21" count="2" type="stmt"/>
        <line num="22" count="2" type="stmt"/>
        <line num="23" count="2" type="stmt"/>
        <line num="24" count="2" type="stmt"/>
        <line num="26" count="2" type="stmt"/>
        <line num="27" count="1" type="stmt"/>
        <line num="30" count="2" type="stmt"/>
        <line num="31" count="0" type="cond" truecount="0" falsecount="2"/>
        <line num="33" count="0" type="stmt"/>
        <line num="34" count="0" type="stmt"/>
        <line num="35" count="0" type="stmt"/>
        <line num="38" count="0" type="cond" truecount="0" falsecount="4"/>
        <line num="40" count="0" type="stmt"/>
        <line num="41" count="0" type="stmt"/>
        <line num="42" count="0" type="stmt"/>
        <line num="45" count="0" type="cond" truecount="0" falsecount="2"/>
        <line num="47" count="0" type="stmt"/>
        <line num="48" count="0" type="stmt"/>
        <line num="52" count="0" type="stmt"/>
        <line num="53" count="0" type="stmt"/>
        <line num="54" count="0" type="stmt"/>
        <line num="55" count="0" type="stmt"/>
        <line num="56" count="0" type="stmt"/>
        <line num="60" count="2" type="stmt"/>
        <line num="61" count="0" type="stmt"/>
        <line num="62" count="0" type="stmt"/>
        <line num="65" count="2" type="stmt"/>
        <line num="66" count="1" type="stmt"/>
        <line num="67" count="2" type="stmt"/>
        <line num="68" count="1" type="stmt"/>
        <line num="69" count="1" type="stmt"/>
        <line num="72" count="1" type="stmt"/>
        <line num="73" count="1" type="stmt"/>
        <line num="76" count="2" type="stmt"/>
        <line num="77" count="2" type="cond" truecount="3" falsecount="1"/>
        <line num="78" count="0" type="stmt"/>
        <line num="79" count="0" type="stmt"/>
        <line num="83" count="2" type="stmt"/>
        <line num="84" count="1" type="cond" truecount="1" falsecount="1"/>
        <line num="85" count="0" type="stmt"/>
        <line num="89" count="2" type="stmt"/>
        <line num="90" count="1" type="stmt"/>
        <line num="91" count="1" type="stmt"/>
        <line num="95" count="2" type="cond" truecount="2" falsecount="0"/>
        <line num="97" count="1" type="stmt"/>
        <line num="100" count="1" type="stmt"/>
        <line num="104" count="2" type="stmt"/>
        <line num="136" count="1" type="stmt"/>
      </file>
    </package>
    <package name="app.services">
      <metrics statements="3" coveredstatements="0" conditionals="4" coveredconditionals="0" methods="2" coveredmethods="0"/>
      <file name="GitHubContributors.js" path="/Users/hmanri/workspace/github-memory/src/app/services/GitHubContributors.js">
        <metrics statements="2" coveredstatements="0" conditionals="4" coveredconditionals="0" methods="2" coveredmethods="0"/>
        <line num="8" count="0" type="stmt"/>
        <line num="13" count="0" type="stmt"/>
      </file>
      <file name="defaultFetchParameters.js" path="/Users/hmanri/workspace/github-memory/src/app/services/defaultFetchParameters.js">
        <metrics statements="1" coveredstatements="0" conditionals="0" coveredconditionals="0" methods="0" coveredmethods="0"/>
        <line num="1" count="0" type="stmt"/>
      </file>
    </package>
    <package name="app.theme">
      <metrics statements="5" coveredstatements="5" conditionals="0" coveredconditionals="0" methods="0" coveredmethods="0"/>
      <file name="defaultTheme.js" path="/Users/hmanri/workspace/github-memory/src/app/theme/defaultTheme.js">
        <metrics statements="3" coveredstatements="3" conditionals="0" coveredconditionals="0" methods="0" coveredmethods="0"/>
        <line num="1" count="6" type="stmt"/>
        <line num="23" count="6" type="stmt"/>
        <line num="30" count="6" type="stmt"/>
      </file>
      <file name="device.js" path="/Users/hmanri/workspace/github-memory/src/app/theme/device.js">
        <metrics statements="2" coveredstatements="2" conditionals="0" coveredconditionals="0" methods="0" coveredmethods="0"/>
        <line num="1" count="1" type="stmt"/>
        <line num="6" count="1" type="stmt"/>
      </file>
    </package>
    <package name="app.utils">
      <metrics statements="3" coveredstatements="2" conditionals="4" coveredconditionals="3" methods="2" coveredmethods="2"/>
      <file name="randomizeArray.js" path="/Users/hmanri/workspace/github-memory/src/app/utils/randomizeArray.js">
        <metrics statements="3" coveredstatements="2" conditionals="4" coveredconditionals="3" methods="2" coveredmethods="2"/>
        <line num="2" count="1" type="cond" truecount="3" falsecount="1"/>
        <line num="3" count="0" type="stmt"/>
        <line num="6" count="4" type="stmt"/>
      </file>
    </package>
  </project>
</coverage>
