{"/Users/hmanri/workspace/github-memory/src/app/components/Button/Button.style.js": {"path":"/Users/hmanri/workspace/github-memory/src/app/components/Button/Button.style.js","statementMap":{"0":{"start":{"line":3,"column":28},"end":{"line":35,"column":1}},"1":{"start":{"line":5,"column":24},"end":{"line":5,"column":49}},"2":{"start":{"line":5,"column":66},"end":{"line":5,"column":92}},"3":{"start":{"line":10,"column":33},"end":{"line":10,"column":57}},"4":{"start":{"line":11,"column":22},"end":{"line":11,"column":45}},"5":{"start":{"line":12,"column":33},"end":{"line":12,"column":60}},"6":{"start":{"line":13,"column":15},"end":{"line":13,"column":39}},"7":{"start":{"line":16,"column":35},"end":{"line":16,"column":63}},"8":{"start":{"line":20,"column":35},"end":{"line":20,"column":58}},"9":{"start":{"line":24,"column":4},"end":{"line":34,"column":5}},"10":{"start":{"line":27,"column":37},"end":{"line":27,"column":65}},"11":{"start":{"line":28,"column":26},"end":{"line":28,"column":49}},"12":{"start":{"line":32,"column":39},"end":{"line":32,"column":67}}},"fnMap":{"0":{"name":"(anonymous_0)","decl":{"start":{"line":5,"column":13},"end":{"line":5,"column":14}},"loc":{"start":{"line":5,"column":24},"end":{"line":5,"column":49}},"line":5},"1":{"name":"(anonymous_1)","decl":{"start":{"line":5,"column":55},"end":{"line":5,"column":56}},"loc":{"start":{"line":5,"column":66},"end":{"line":5,"column":92}},"line":5},"2":{"name":"(anonymous_2)","decl":{"start":{"line":10,"column":22},"end":{"line":10,"column":23}},"loc":{"start":{"line":10,"column":33},"end":{"line":10,"column":57}},"line":10},"3":{"name":"(anonymous_3)","decl":{"start":{"line":11,"column":11},"end":{"line":11,"column":12}},"loc":{"start":{"line":11,"column":22},"end":{"line":11,"column":45}},"line":11},"4":{"name":"(anonymous_4)","decl":{"start":{"line":12,"column":22},"end":{"line":12,"column":23}},"loc":{"start":{"line":12,"column":33},"end":{"line":12,"column":60}},"line":12},"5":{"name":"(anonymous_5)","decl":{"start":{"line":13,"column":4},"end":{"line":13,"column":5}},"loc":{"start":{"line":13,"column":15},"end":{"line":13,"column":39}},"line":13},"6":{"name":"(anonymous_6)","decl":{"start":{"line":16,"column":24},"end":{"line":16,"column":25}},"loc":{"start":{"line":16,"column":35},"end":{"line":16,"column":63}},"line":16},"7":{"name":"(anonymous_7)","decl":{"start":{"line":20,"column":24},"end":{"line":20,"column":25}},"loc":{"start":{"line":20,"column":35},"end":{"line":20,"column":58}},"line":20},"8":{"name":"(anonymous_8)","decl":{"start":{"line":23,"column":4},"end":{"line":23,"column":5}},"loc":{"start":{"line":24,"column":4},"end":{"line":34,"column":5}},"line":24},"9":{"name":"(anonymous_9)","decl":{"start":{"line":27,"column":26},"end":{"line":27,"column":27}},"loc":{"start":{"line":27,"column":37},"end":{"line":27,"column":65}},"line":27},"10":{"name":"(anonymous_10)","decl":{"start":{"line":28,"column":15},"end":{"line":28,"column":16}},"loc":{"start":{"line":28,"column":26},"end":{"line":28,"column":49}},"line":28},"11":{"name":"(anonymous_11)","decl":{"start":{"line":32,"column":28},"end":{"line":32,"column":29}},"loc":{"start":{"line":32,"column":39},"end":{"line":32,"column":67}},"line":32}},"branchMap":{"0":{"loc":{"start":{"line":24,"column":4},"end":{"line":34,"column":5}},"type":"binary-expr","locations":[{"start":{"line":24,"column":4},"end":{"line":24,"column":18}},{"start":{"line":25,"column":4},"end":{"line":34,"column":5}}],"line":24}},"s":{"0":3,"1":6,"2":6,"3":6,"4":6,"5":6,"6":6,"7":6,"8":6,"9":6,"10":1,"11":1,"12":1},"f":{"0":6,"1":6,"2":6,"3":6,"4":6,"5":6,"6":6,"7":6,"8":6,"9":1,"10":1,"11":1},"b":{"0":[6,1]},"_coverageSchema":"1a1c01bbd47fc00a2c39e90264f33305004495a9","hash":"370fd3ebf3bffadab68b0b70adb39c1f136c85d5"}
,"/Users/hmanri/workspace/github-memory/src/app/components/Button/index.jsx": {"path":"/Users/hmanri/workspace/github-memory/src/app/components/Button/index.jsx","statementMap":{"0":{"start":{"line":7,"column":2},"end":{"line":15,"column":4}},"1":{"start":{"line":18,"column":0},"end":{"line":23,"column":2}}},"fnMap":{"0":{"name":"Button","decl":{"start":{"line":6,"column":24},"end":{"line":6,"column":30}},"loc":{"start":{"line":6,"column":72},"end":{"line":16,"column":1}},"line":6}},"branchMap":{"0":{"loc":{"start":{"line":10,"column":15},"end":{"line":10,"column":46}},"type":"cond-expr","locations":[{"start":{"line":10,"column":27},"end":{"line":10,"column":34}},{"start":{"line":10,"column":37},"end":{"line":10,"column":46}}],"line":10}},"s":{"0":6,"1":3},"f":{"0":6},"b":{"0":[5,1]},"_coverageSchema":"1a1c01bbd47fc00a2c39e90264f33305004495a9","hash":"18ddb13bb002abe67b6a5851737fde9556fe3fb0"}
,"/Users/hmanri/workspace/github-memory/src/app/components/Card/Card.style.js": {"path":"/Users/hmanri/workspace/github-memory/src/app/components/Card/Card.style.js","statementMap":{"0":{"start":{"line":3,"column":23},"end":{"line":39,"column":1}},"1":{"start":{"line":6,"column":33},"end":{"line":6,"column":57}},"2":{"start":{"line":10,"column":33},"end":{"line":10,"column":57}},"3":{"start":{"line":25,"column":4},"end":{"line":30,"column":5}},"4":{"start":{"line":33,"column":4},"end":{"line":38,"column":5}},"5":{"start":{"line":41,"column":31},"end":{"line":56,"column":1}},"6":{"start":{"line":47,"column":33},"end":{"line":47,"column":57}},"7":{"start":{"line":52,"column":4},"end":{"line":55,"column":5}}},"fnMap":{"0":{"name":"(anonymous_0)","decl":{"start":{"line":6,"column":22},"end":{"line":6,"column":23}},"loc":{"start":{"line":6,"column":33},"end":{"line":6,"column":57}},"line":6},"1":{"name":"(anonymous_1)","decl":{"start":{"line":10,"column":22},"end":{"line":10,"column":23}},"loc":{"start":{"line":10,"column":33},"end":{"line":10,"column":57}},"line":10},"2":{"name":"(anonymous_2)","decl":{"start":{"line":24,"column":4},"end":{"line":24,"column":5}},"loc":{"start":{"line":25,"column":4},"end":{"line":30,"column":5}},"line":25},"3":{"name":"(anonymous_3)","decl":{"start":{"line":32,"column":4},"end":{"line":32,"column":5}},"loc":{"start":{"line":33,"column":4},"end":{"line":38,"column":5}},"line":33},"4":{"name":"(anonymous_4)","decl":{"start":{"line":47,"column":22},"end":{"line":47,"column":23}},"loc":{"start":{"line":47,"column":33},"end":{"line":47,"column":57}},"line":47},"5":{"name":"(anonymous_5)","decl":{"start":{"line":51,"column":4},"end":{"line":51,"column":5}},"loc":{"start":{"line":52,"column":4},"end":{"line":55,"column":5}},"line":52}},"branchMap":{"0":{"loc":{"start":{"line":25,"column":4},"end":{"line":30,"column":5}},"type":"binary-expr","locations":[{"start":{"line":25,"column":4},"end":{"line":25,"column":16}},{"start":{"line":26,"column":4},"end":{"line":30,"column":5}}],"line":25},"1":{"loc":{"start":{"line":33,"column":4},"end":{"line":38,"column":5}},"type":"binary-expr","locations":[{"start":{"line":33,"column":4},"end":{"line":33,"column":18}},{"start":{"line":34,"column":4},"end":{"line":38,"column":5}}],"line":33},"2":{"loc":{"start":{"line":52,"column":4},"end":{"line":55,"column":5}},"type":"binary-expr","locations":[{"start":{"line":52,"column":4},"end":{"line":52,"column":14}},{"start":{"line":53,"column":4},"end":{"line":55,"column":5}}],"line":52}},"s":{"0":2,"1":6,"2":6,"3":6,"4":6,"5":2,"6":6,"7":6},"f":{"0":6,"1":6,"2":6,"3":6,"4":6,"5":6},"b":{"0":[6,1],"1":[6,1],"2":[6,1]},"_coverageSchema":"1a1c01bbd47fc00a2c39e90264f33305004495a9","hash":"93d2d8aeeaecc603d0d2839ba80326b8b495c8e3"}
,"/Users/hmanri/workspace/github-memory/src/app/components/Card/index.jsx": {"path":"/Users/hmanri/workspace/github-memory/src/app/components/Card/index.jsx","statementMap":{"0":{"start":{"line":7,"column":2},"end":{"line":17,"column":4}},"1":{"start":{"line":20,"column":0},"end":{"line":27,"column":2}}},"fnMap":{"0":{"name":"Card","decl":{"start":{"line":6,"column":24},"end":{"line":6,"column":28}},"loc":{"start":{"line":6,"column":85},"end":{"line":18,"column":1}},"line":6}},"branchMap":{"0":{"loc":{"start":{"line":12,"column":15},"end":{"line":12,"column":46}},"type":"cond-expr","locations":[{"start":{"line":12,"column":27},"end":{"line":12,"column":34}},{"start":{"line":12,"column":37},"end":{"line":12,"column":46}}],"line":12}},"s":{"0":6,"1":2},"f":{"0":6},"b":{"0":[5,1]},"_coverageSchema":"1a1c01bbd47fc00a2c39e90264f33305004495a9","hash":"6d076625c9c3e4bfca24a513e7c714a4414bf898"}
,"/Users/hmanri/workspace/github-memory/src/app/components/Modal/Modal.style.js": {"path":"/Users/hmanri/workspace/github-memory/src/app/components/Modal/Modal.style.js","statementMap":{"0":{"start":{"line":3,"column":23},"end":{"line":19,"column":1}},"1":{"start":{"line":15,"column":4},"end":{"line":18,"column":5}},"2":{"start":{"line":21,"column":27},"end":{"line":31,"column":1}},"3":{"start":{"line":23,"column":33},"end":{"line":23,"column":57}},"4":{"start":{"line":30,"column":24},"end":{"line":30,"column":48}},"5":{"start":{"line":33,"column":27},"end":{"line":39,"column":1}},"6":{"start":{"line":35,"column":20},"end":{"line":35,"column":47}},"7":{"start":{"line":36,"column":22},"end":{"line":36,"column":49}},"8":{"start":{"line":38,"column":15},"end":{"line":38,"column":34}}},"fnMap":{"0":{"name":"(anonymous_0)","decl":{"start":{"line":14,"column":4},"end":{"line":14,"column":5}},"loc":{"start":{"line":15,"column":4},"end":{"line":18,"column":5}},"line":15},"1":{"name":"(anonymous_1)","decl":{"start":{"line":23,"column":22},"end":{"line":23,"column":23}},"loc":{"start":{"line":23,"column":33},"end":{"line":23,"column":57}},"line":23},"2":{"name":"(anonymous_2)","decl":{"start":{"line":30,"column":13},"end":{"line":30,"column":14}},"loc":{"start":{"line":30,"column":24},"end":{"line":30,"column":48}},"line":30},"3":{"name":"(anonymous_3)","decl":{"start":{"line":35,"column":9},"end":{"line":35,"column":10}},"loc":{"start":{"line":35,"column":20},"end":{"line":35,"column":47}},"line":35},"4":{"name":"(anonymous_4)","decl":{"start":{"line":36,"column":11},"end":{"line":36,"column":12}},"loc":{"start":{"line":36,"column":22},"end":{"line":36,"column":49}},"line":36},"5":{"name":"(anonymous_5)","decl":{"start":{"line":38,"column":4},"end":{"line":38,"column":5}},"loc":{"start":{"line":38,"column":15},"end":{"line":38,"column":34}},"line":38}},"branchMap":{"0":{"loc":{"start":{"line":15,"column":4},"end":{"line":18,"column":5}},"type":"binary-expr","locations":[{"start":{"line":15,"column":4},"end":{"line":15,"column":16}},{"start":{"line":16,"column":4},"end":{"line":18,"column":5}}],"line":15}},"s":{"0":1,"1":4,"2":1,"3":4,"4":4,"5":1,"6":4,"7":4,"8":4},"f":{"0":4,"1":4,"2":4,"3":4,"4":4,"5":4},"b":{"0":[4,2]},"_coverageSchema":"1a1c01bbd47fc00a2c39e90264f33305004495a9","hash":"507d80bb4d5d0d485b3f5ad01c3d246b0a6a5b8d"}
,"/Users/hmanri/workspace/github-memory/src/app/components/Modal/index.jsx": {"path":"/Users/hmanri/workspace/github-memory/src/app/components/Modal/index.jsx","statementMap":{"0":{"start":{"line":8,"column":40},"end":{"line":8,"column":55}},"1":{"start":{"line":9,"column":46},"end":{"line":9,"column":61}},"2":{"start":{"line":10,"column":21},"end":{"line":10,"column":29}},"3":{"start":{"line":11,"column":18},"end":{"line":11,"column":26}},"4":{"start":{"line":13,"column":32},"end":{"line":17,"column":3}},"5":{"start":{"line":14,"column":4},"end":{"line":16,"column":5}},"6":{"start":{"line":15,"column":6},"end":{"line":15,"column":31}},"7":{"start":{"line":19,"column":29},"end":{"line":22,"column":3}},"8":{"start":{"line":20,"column":4},"end":{"line":20,"column":28}},"9":{"start":{"line":21,"column":4},"end":{"line":21,"column":26}},"10":{"start":{"line":24,"column":31},"end":{"line":31,"column":3}},"11":{"start":{"line":26,"column":6},"end":{"line":28,"column":7}},"12":{"start":{"line":27,"column":8},"end":{"line":27,"column":18}},"13":{"start":{"line":33,"column":2},"end":{"line":51,"column":50}},"14":{"start":{"line":34,"column":4},"end":{"line":42,"column":5}},"15":{"start":{"line":35,"column":6},"end":{"line":35,"column":27}},"16":{"start":{"line":37,"column":6},"end":{"line":39,"column":7}},"17":{"start":{"line":38,"column":8},"end":{"line":38,"column":75}},"18":{"start":{"line":41,"column":6},"end":{"line":41,"column":13}},"19":{"start":{"line":44,"column":4},"end":{"line":50,"column":5}},"20":{"start":{"line":45,"column":6},"end":{"line":45,"column":27}},"21":{"start":{"line":47,"column":6},"end":{"line":49,"column":7}},"22":{"start":{"line":48,"column":8},"end":{"line":48,"column":78}},"23":{"start":{"line":53,"column":2},"end":{"line":53,"column":27}},"24":{"start":{"line":53,"column":15},"end":{"line":53,"column":27}},"25":{"start":{"line":55,"column":2},"end":{"line":70,"column":4}},"26":{"start":{"line":73,"column":0},"end":{"line":78,"column":2}}},"fnMap":{"0":{"name":"Modal","decl":{"start":{"line":7,"column":24},"end":{"line":7,"column":29}},"loc":{"start":{"line":7,"column":69},"end":{"line":71,"column":1}},"line":7},"1":{"name":"(anonymous_1)","decl":{"start":{"line":13,"column":32},"end":{"line":13,"column":33}},"loc":{"start":{"line":13,"column":38},"end":{"line":17,"column":3}},"line":13},"2":{"name":"(anonymous_2)","decl":{"start":{"line":19,"column":29},"end":{"line":19,"column":30}},"loc":{"start":{"line":19,"column":35},"end":{"line":22,"column":3}},"line":19},"3":{"name":"(anonymous_3)","decl":{"start":{"line":25,"column":4},"end":{"line":25,"column":5}},"loc":{"start":{"line":25,"column":15},"end":{"line":29,"column":5}},"line":25},"4":{"name":"(anonymous_4)","decl":{"start":{"line":33,"column":12},"end":{"line":33,"column":13}},"loc":{"start":{"line":33,"column":18},"end":{"line":51,"column":3}},"line":33}},"branchMap":{"0":{"loc":{"start":{"line":14,"column":4},"end":{"line":16,"column":5}},"type":"if","locations":[{"start":{"line":14,"column":4},"end":{"line":16,"column":5}},{"start":{},"end":{}}],"line":14},"1":{"loc":{"start":{"line":14,"column":8},"end":{"line":14,"column":38}},"type":"binary-expr","locations":[{"start":{"line":14,"column":8},"end":{"line":14,"column":20}},{"start":{"line":14,"column":24},"end":{"line":14,"column":38}}],"line":14},"2":{"loc":{"start":{"line":26,"column":6},"end":{"line":28,"column":7}},"type":"if","locations":[{"start":{"line":26,"column":6},"end":{"line":28,"column":7}},{"start":{},"end":{}}],"line":26},"3":{"loc":{"start":{"line":34,"column":4},"end":{"line":42,"column":5}},"type":"if","locations":[{"start":{"line":34,"column":4},"end":{"line":42,"column":5}},{"start":{},"end":{}}],"line":34},"4":{"loc":{"start":{"line":34,"column":8},"end":{"line":34,"column":30}},"type":"binary-expr","locations":[{"start":{"line":34,"column":8},"end":{"line":34,"column":14}},{"start":{"line":34,"column":18},"end":{"line":34,"column":30}}],"line":34},"5":{"loc":{"start":{"line":37,"column":6},"end":{"line":39,"column":7}},"type":"if","locations":[{"start":{"line":37,"column":6},"end":{"line":39,"column":7}},{"start":{},"end":{}}],"line":37},"6":{"loc":{"start":{"line":44,"column":4},"end":{"line":50,"column":5}},"type":"if","locations":[{"start":{"line":44,"column":4},"end":{"line":50,"column":5}},{"start":{},"end":{}}],"line":44},"7":{"loc":{"start":{"line":44,"column":8},"end":{"line":44,"column":30}},"type":"binary-expr","locations":[{"start":{"line":44,"column":8},"end":{"line":44,"column":15}},{"start":{"line":44,"column":19},"end":{"line":44,"column":30}}],"line":44},"8":{"loc":{"start":{"line":47,"column":6},"end":{"line":49,"column":7}},"type":"if","locations":[{"start":{"line":47,"column":6},"end":{"line":49,"column":7}},{"start":{},"end":{}}],"line":47},"9":{"loc":{"start":{"line":53,"column":2},"end":{"line":53,"column":27}},"type":"if","locations":[{"start":{"line":53,"column":2},"end":{"line":53,"column":27}},{"start":{},"end":{}}],"line":53}},"s":{"0":4,"1":4,"2":4,"3":4,"4":4,"5":0,"6":0,"7":4,"8":0,"9":0,"10":4,"11":1,"12":1,"13":4,"14":4,"15":2,"16":2,"17":2,"18":2,"19":2,"20":0,"21":0,"22":0,"23":4,"24":0,"25":4,"26":1},"f":{"0":4,"1":0,"2":0,"3":1,"4":4},"b":{"0":[0,0],"1":[0,0],"2":[1,0],"3":[2,2],"4":[4,4],"5":[2,0],"6":[0,2],"7":[2,0],"8":[0,0],"9":[0,4]},"_coverageSchema":"1a1c01bbd47fc00a2c39e90264f33305004495a9","hash":"ef837e61c688da18cc9471d8342e069b606bb6b4"}
,"/Users/hmanri/workspace/github-memory/src/app/components/Spinner/Spinner.style.js": {"path":"/Users/hmanri/workspace/github-memory/src/app/components/Spinner/Spinner.style.js","statementMap":{"0":{"start":{"line":3,"column":32},"end":{"line":20,"column":1}},"1":{"start":{"line":4,"column":23},"end":{"line":4,"column":48}},"2":{"start":{"line":6,"column":34},"end":{"line":6,"column":59}}},"fnMap":{"0":{"name":"(anonymous_0)","decl":{"start":{"line":4,"column":12},"end":{"line":4,"column":13}},"loc":{"start":{"line":4,"column":23},"end":{"line":4,"column":48}},"line":4},"1":{"name":"(anonymous_1)","decl":{"start":{"line":6,"column":23},"end":{"line":6,"column":24}},"loc":{"start":{"line":6,"column":34},"end":{"line":6,"column":59}},"line":6}},"branchMap":{},"s":{"0":1,"1":1,"2":1},"f":{"0":1,"1":1},"b":{},"_coverageSchema":"1a1c01bbd47fc00a2c39e90264f33305004495a9","hash":"f2c3c64746853795da31a70022ad877d0e8503e7"}
,"/Users/hmanri/workspace/github-memory/src/app/components/Spinner/index.js": {"path":"/Users/hmanri/workspace/github-memory/src/app/components/Spinner/index.js","statementMap":{"0":{"start":{"line":7,"column":2},"end":{"line":7,"column":51}},"1":{"start":{"line":10,"column":0},"end":{"line":12,"column":2}}},"fnMap":{"0":{"name":"Spinner","decl":{"start":{"line":6,"column":24},"end":{"line":6,"column":31}},"loc":{"start":{"line":6,"column":44},"end":{"line":8,"column":1}},"line":6}},"branchMap":{},"s":{"0":1,"1":1},"f":{"0":1},"b":{},"_coverageSchema":"1a1c01bbd47fc00a2c39e90264f33305004495a9","hash":"656a3b9743a445ecb3fec7fc80df167840886ab8"}
,"/Users/hmanri/workspace/github-memory/src/app/constants/gameResult.js": {"path":"/Users/hmanri/workspace/github-memory/src/app/constants/gameResult.js","statementMap":{"0":{"start":{"line":1,"column":27},"end":{"line":4,"column":1}}},"fnMap":{},"branchMap":{},"s":{"0":1},"f":{},"b":{},"_coverageSchema":"1a1c01bbd47fc00a2c39e90264f33305004495a9","hash":"a75a91b8d5b98c6436eb654f4495eaf3445e4502"}
,"/Users/hmanri/workspace/github-memory/src/app/hooks/useTimer.js": {"path":"/Users/hmanri/workspace/github-memory/src/app/hooks/useTimer.js","statementMap":{"0":{"start":{"line":3,"column":15},"end":{"line":6,"column":1}},"1":{"start":{"line":9,"column":28},"end":{"line":9,"column":45}},"2":{"start":{"line":10,"column":30},"end":{"line":10,"column":54}},"3":{"start":{"line":11,"column":21},"end":{"line":11,"column":29}},"4":{"start":{"line":13,"column":21},"end":{"line":15,"column":8}},"5":{"start":{"line":14,"column":4},"end":{"line":14,"column":30}},"6":{"start":{"line":17,"column":20},"end":{"line":22,"column":8}},"7":{"start":{"line":18,"column":4},"end":{"line":21,"column":5}},"8":{"start":{"line":19,"column":6},"end":{"line":19,"column":40}},"9":{"start":{"line":20,"column":6},"end":{"line":20,"column":32}},"10":{"start":{"line":24,"column":2},"end":{"line":30,"column":22}},"11":{"start":{"line":25,"column":4},"end":{"line":29,"column":5}},"12":{"start":{"line":26,"column":6},"end":{"line":28,"column":15}},"13":{"start":{"line":27,"column":8},"end":{"line":27,"column":28}},"14":{"start":{"line":32,"column":2},"end":{"line":32,"column":40}}},"fnMap":{"0":{"name":"useTimer","decl":{"start":{"line":8,"column":16},"end":{"line":8,"column":24}},"loc":{"start":{"line":8,"column":34},"end":{"line":33,"column":1}},"line":8},"1":{"name":"(anonymous_1)","decl":{"start":{"line":13,"column":33},"end":{"line":13,"column":34}},"loc":{"start":{"line":13,"column":39},"end":{"line":15,"column":3}},"line":13},"2":{"name":"(anonymous_2)","decl":{"start":{"line":17,"column":32},"end":{"line":17,"column":33}},"loc":{"start":{"line":17,"column":38},"end":{"line":22,"column":3}},"line":17},"3":{"name":"(anonymous_3)","decl":{"start":{"line":24,"column":12},"end":{"line":24,"column":13}},"loc":{"start":{"line":24,"column":18},"end":{"line":30,"column":3}},"line":24},"4":{"name":"(anonymous_4)","decl":{"start":{"line":26,"column":38},"end":{"line":26,"column":39}},"loc":{"start":{"line":26,"column":44},"end":{"line":28,"column":7}},"line":26}},"branchMap":{"0":{"loc":{"start":{"line":18,"column":4},"end":{"line":21,"column":5}},"type":"if","locations":[{"start":{"line":18,"column":4},"end":{"line":21,"column":5}},{"start":{},"end":{}}],"line":18},"1":{"loc":{"start":{"line":25,"column":4},"end":{"line":29,"column":5}},"type":"if","locations":[{"start":{"line":25,"column":4},"end":{"line":29,"column":5}},{"start":{},"end":{}}],"line":25},"2":{"loc":{"start":{"line":25,"column":8},"end":{"line":25,"column":46}},"type":"binary-expr","locations":[{"start":{"line":25,"column":8},"end":{"line":25,"column":33}},{"start":{"line":25,"column":37},"end":{"line":25,"column":46}}],"line":25}},"s":{"0":2,"1":6,"2":6,"3":6,"4":6,"5":2,"6":6,"7":1,"8":1,"9":1,"10":6,"11":6,"12":3,"13":2,"14":6},"f":{"0":6,"1":2,"2":1,"3":6,"4":2},"b":{"0":[1,0],"1":[3,3],"2":[6,4]},"_coverageSchema":"1a1c01bbd47fc00a2c39e90264f33305004495a9","hash":"4577b5b97bfa1fe5a3daee5ce7a1fb5f48950b38"}
,"/Users/hmanri/workspace/github-memory/src/app/pages/Home/Home.style.js": {"path":"/Users/hmanri/workspace/github-memory/src/app/pages/Home/Home.style.js","statementMap":{"0":{"start":{"line":3,"column":27},"end":{"line":6,"column":1}},"1":{"start":{"line":8,"column":28},"end":{"line":22,"column":1}},"2":{"start":{"line":16,"column":33},"end":{"line":16,"column":61}},"3":{"start":{"line":20,"column":20},"end":{"line":20,"column":44}},"4":{"start":{"line":24,"column":21},"end":{"line":29,"column":1}},"5":{"start":{"line":28,"column":20},"end":{"line":28,"column":46}},"6":{"start":{"line":31,"column":25},"end":{"line":34,"column":1}},"7":{"start":{"line":32,"column":15},"end":{"line":32,"column":37}},"8":{"start":{"line":33,"column":22},"end":{"line":33,"column":51}},"9":{"start":{"line":36,"column":27},"end":{"line":39,"column":1}},"10":{"start":{"line":37,"column":15},"end":{"line":37,"column":37}},"11":{"start":{"line":41,"column":26},"end":{"line":44,"column":1}},"12":{"start":{"line":42,"column":15},"end":{"line":42,"column":34}},"13":{"start":{"line":46,"column":27},"end":{"line":46,"column":39}}},"fnMap":{"0":{"name":"(anonymous_0)","decl":{"start":{"line":16,"column":22},"end":{"line":16,"column":23}},"loc":{"start":{"line":16,"column":33},"end":{"line":16,"column":61}},"line":16},"1":{"name":"(anonymous_1)","decl":{"start":{"line":20,"column":9},"end":{"line":20,"column":10}},"loc":{"start":{"line":20,"column":20},"end":{"line":20,"column":44}},"line":20},"2":{"name":"(anonymous_2)","decl":{"start":{"line":28,"column":9},"end":{"line":28,"column":10}},"loc":{"start":{"line":28,"column":20},"end":{"line":28,"column":46}},"line":28},"3":{"name":"(anonymous_3)","decl":{"start":{"line":32,"column":4},"end":{"line":32,"column":5}},"loc":{"start":{"line":32,"column":15},"end":{"line":32,"column":37}},"line":32},"4":{"name":"(anonymous_4)","decl":{"start":{"line":33,"column":11},"end":{"line":33,"column":12}},"loc":{"start":{"line":33,"column":22},"end":{"line":33,"column":51}},"line":33},"5":{"name":"(anonymous_5)","decl":{"start":{"line":37,"column":4},"end":{"line":37,"column":5}},"loc":{"start":{"line":37,"column":15},"end":{"line":37,"column":37}},"line":37},"6":{"name":"(anonymous_6)","decl":{"start":{"line":42,"column":4},"end":{"line":42,"column":5}},"loc":{"start":{"line":42,"column":15},"end":{"line":42,"column":34}},"line":42}},"branchMap":{},"s":{"0":1,"1":1,"2":1,"3":1,"4":1,"5":1,"6":1,"7":1,"8":1,"9":1,"10":1,"11":1,"12":1,"13":1},"f":{"0":1,"1":1,"2":1,"3":1,"4":1,"5":1,"6":1},"b":{},"_coverageSchema":"1a1c01bbd47fc00a2c39e90264f33305004495a9","hash":"56ea397c15314c85d2da3ca67883c7c64cbcb617"}
,"/Users/hmanri/workspace/github-memory/src/app/pages/Home/index.jsx": {"path":"/Users/hmanri/workspace/github-memory/src/app/pages/Home/index.jsx","statementMap":{"0":{"start":{"line":16,"column":19},"end":{"line":16,"column":32}},"1":{"start":{"line":18,"column":2},"end":{"line":33,"column":4}},"2":{"start":{"line":27,"column":58},"end":{"line":27,"column":76}}},"fnMap":{"0":{"name":"Home","decl":{"start":{"line":15,"column":24},"end":{"line":15,"column":28}},"loc":{"start":{"line":15,"column":31},"end":{"line":34,"column":1}},"line":15},"1":{"name":"(anonymous_1)","decl":{"start":{"line":27,"column":52},"end":{"line":27,"column":53}},"loc":{"start":{"line":27,"column":58},"end":{"line":27,"column":76}},"line":27}},"branchMap":{},"s":{"0":1,"1":1,"2":0},"f":{"0":1,"1":0},"b":{},"_coverageSchema":"1a1c01bbd47fc00a2c39e90264f33305004495a9","hash":"ebb3adca7352ebd9290af847f189fafd08da9d26"}
,"/Users/hmanri/workspace/github-memory/src/app/pages/Match/components/Board/Board.style.js": {"path":"/Users/hmanri/workspace/github-memory/src/app/pages/Match/components/Board/Board.style.js","statementMap":{"0":{"start":{"line":4,"column":28},"end":{"line":11,"column":1}},"1":{"start":{"line":13,"column":25},"end":{"line":25,"column":1}},"2":{"start":{"line":19,"column":20},"end":{"line":19,"column":47}},"3":{"start":{"line":27,"column":28},"end":{"line":40,"column":1}},"4":{"start":{"line":31,"column":20},"end":{"line":31,"column":46}},"5":{"start":{"line":32,"column":24},"end":{"line":32,"column":50}},"6":{"start":{"line":33,"column":27},"end":{"line":33,"column":54}},"7":{"start":{"line":42,"column":32},"end":{"line":44,"column":1}},"8":{"start":{"line":43,"column":15},"end":{"line":43,"column":34}},"9":{"start":{"line":46,"column":35},"end":{"line":50,"column":1}}},"fnMap":{"0":{"name":"(anonymous_0)","decl":{"start":{"line":19,"column":9},"end":{"line":19,"column":10}},"loc":{"start":{"line":19,"column":20},"end":{"line":19,"column":47}},"line":19},"1":{"name":"(anonymous_1)","decl":{"start":{"line":31,"column":9},"end":{"line":31,"column":10}},"loc":{"start":{"line":31,"column":20},"end":{"line":31,"column":46}},"line":31},"2":{"name":"(anonymous_2)","decl":{"start":{"line":32,"column":13},"end":{"line":32,"column":14}},"loc":{"start":{"line":32,"column":24},"end":{"line":32,"column":50}},"line":32},"3":{"name":"(anonymous_3)","decl":{"start":{"line":33,"column":16},"end":{"line":33,"column":17}},"loc":{"start":{"line":33,"column":27},"end":{"line":33,"column":54}},"line":33},"4":{"name":"(anonymous_4)","decl":{"start":{"line":43,"column":4},"end":{"line":43,"column":5}},"loc":{"start":{"line":43,"column":15},"end":{"line":43,"column":34}},"line":43}},"branchMap":{},"s":{"0":1,"1":1,"2":1,"3":1,"4":1,"5":1,"6":1,"7":1,"8":3,"9":1},"f":{"0":1,"1":1,"2":1,"3":1,"4":3},"b":{},"_coverageSchema":"1a1c01bbd47fc00a2c39e90264f33305004495a9","hash":"96c0afca1b9107e9f18413758a8da6780d35e3ea"}
,"/Users/hmanri/workspace/github-memory/src/app/pages/Match/components/Board/index.jsx": {"path":"/Users/hmanri/workspace/github-memory/src/app/pages/Match/components/Board/index.jsx","statementMap":{"0":{"start":{"line":16,"column":22},"end":{"line":16,"column":28}},"1":{"start":{"line":19,"column":41},"end":{"line":19,"column":64}},"2":{"start":{"line":20,"column":36},"end":{"line":20,"column":46}},"3":{"start":{"line":21,"column":46},"end":{"line":21,"column":60}},"4":{"start":{"line":22,"column":52},"end":{"line":22,"column":66}},"5":{"start":{"line":23,"column":60},"end":{"line":23,"column":74}},"6":{"start":{"line":24,"column":44},"end":{"line":24,"column":55}},"7":{"start":{"line":26,"column":25},"end":{"line":28,"column":3}},"8":{"start":{"line":27,"column":4},"end":{"line":27,"column":23}},"9":{"start":{"line":30,"column":28},"end":{"line":58,"column":3}},"10":{"start":{"line":30,"column":47},"end":{"line":58,"column":3}},"11":{"start":{"line":31,"column":4},"end":{"line":36,"column":5}},"12":{"start":{"line":33,"column":6},"end":{"line":33,"column":32}},"13":{"start":{"line":34,"column":6},"end":{"line":34,"column":34}},"14":{"start":{"line":35,"column":6},"end":{"line":35,"column":13}},"15":{"start":{"line":38,"column":4},"end":{"line":43,"column":5}},"16":{"start":{"line":40,"column":6},"end":{"line":40,"column":30}},"17":{"start":{"line":41,"column":6},"end":{"line":41,"column":33}},"18":{"start":{"line":42,"column":6},"end":{"line":42,"column":13}},"19":{"start":{"line":45,"column":4},"end":{"line":49,"column":5}},"20":{"start":{"line":47,"column":6},"end":{"line":47,"column":53}},"21":{"start":{"line":48,"column":6},"end":{"line":48,"column":42}},"22":{"start":{"line":52,"column":4},"end":{"line":52,"column":36}},"23":{"start":{"line":53,"column":4},"end":{"line":57,"column":12}},"24":{"start":{"line":54,"column":6},"end":{"line":54,"column":30}},"25":{"start":{"line":55,"column":6},"end":{"line":55,"column":33}},"26":{"start":{"line":56,"column":6},"end":{"line":56,"column":37}},"27":{"start":{"line":60,"column":30},"end":{"line":63,"column":3}},"28":{"start":{"line":61,"column":4},"end":{"line":61,"column":16}},"29":{"start":{"line":62,"column":4},"end":{"line":62,"column":66}},"30":{"start":{"line":65,"column":2},"end":{"line":74,"column":26}},"31":{"start":{"line":66,"column":4},"end":{"line":71,"column":6}},"32":{"start":{"line":67,"column":42},"end":{"line":67,"column":53}},"33":{"start":{"line":68,"column":8},"end":{"line":68,"column":28}},"34":{"start":{"line":69,"column":8},"end":{"line":69,"column":19}},"35":{"start":{"line":72,"column":4},"end":{"line":72,"column":24}},"36":{"start":{"line":73,"column":4},"end":{"line":73,"column":17}},"37":{"start":{"line":76,"column":2},"end":{"line":81,"column":58}},"38":{"start":{"line":77,"column":4},"end":{"line":80,"column":5}},"39":{"start":{"line":78,"column":6},"end":{"line":78,"column":67}},"40":{"start":{"line":79,"column":6},"end":{"line":79,"column":18}},"41":{"start":{"line":83,"column":2},"end":{"line":87,"column":43}},"42":{"start":{"line":84,"column":4},"end":{"line":86,"column":5}},"43":{"start":{"line":85,"column":6},"end":{"line":85,"column":68}},"44":{"start":{"line":89,"column":2},"end":{"line":93,"column":18}},"45":{"start":{"line":90,"column":4},"end":{"line":92,"column":6}},"46":{"start":{"line":91,"column":6},"end":{"line":91,"column":18}},"47":{"start":{"line":95,"column":2},"end":{"line":98,"column":3}},"48":{"start":{"line":97,"column":4},"end":{"line":97,"column":16}},"49":{"start":{"line":100,"column":2},"end":{"line":133,"column":4}},"50":{"start":{"line":104,"column":10},"end":{"line":112,"column":12}},"51":{"start":{"line":136,"column":0},"end":{"line":141,"column":2}}},"fnMap":{"0":{"name":"Board","decl":{"start":{"line":18,"column":24},"end":{"line":18,"column":29}},"loc":{"start":{"line":18,"column":63},"end":{"line":134,"column":1}},"line":18},"1":{"name":"(anonymous_1)","decl":{"start":{"line":26,"column":25},"end":{"line":26,"column":26}},"loc":{"start":{"line":26,"column":36},"end":{"line":28,"column":3}},"line":26},"2":{"name":"(anonymous_2)","decl":{"start":{"line":30,"column":28},"end":{"line":30,"column":29}},"loc":{"start":{"line":30,"column":47},"end":{"line":58,"column":3}},"line":30},"3":{"name":"(anonymous_3)","decl":{"start":{"line":30,"column":47},"end":{"line":30,"column":48}},"loc":{"start":{"line":30,"column":53},"end":{"line":58,"column":3}},"line":30},"4":{"name":"(anonymous_4)","decl":{"start":{"line":53,"column":15},"end":{"line":53,"column":16}},"loc":{"start":{"line":53,"column":21},"end":{"line":57,"column":5}},"line":53},"5":{"name":"(anonymous_5)","decl":{"start":{"line":60,"column":30},"end":{"line":60,"column":31}},"loc":{"start":{"line":60,"column":36},"end":{"line":63,"column":3}},"line":60},"6":{"name":"(anonymous_6)","decl":{"start":{"line":65,"column":12},"end":{"line":65,"column":13}},"loc":{"start":{"line":65,"column":18},"end":{"line":74,"column":3}},"line":65},"7":{"name":"(anonymous_7)","decl":{"start":{"line":67,"column":28},"end":{"line":67,"column":29}},"loc":{"start":{"line":67,"column":42},"end":{"line":67,"column":53}},"line":67},"8":{"name":"(anonymous_8)","decl":{"start":{"line":67,"column":64},"end":{"line":67,"column":65}},"loc":{"start":{"line":67,"column":81},"end":{"line":70,"column":7}},"line":67},"9":{"name":"(anonymous_9)","decl":{"start":{"line":76,"column":12},"end":{"line":76,"column":13}},"loc":{"start":{"line":76,"column":18},"end":{"line":81,"column":3}},"line":76},"10":{"name":"(anonymous_10)","decl":{"start":{"line":83,"column":12},"end":{"line":83,"column":13}},"loc":{"start":{"line":83,"column":18},"end":{"line":87,"column":3}},"line":83},"11":{"name":"(anonymous_11)","decl":{"start":{"line":89,"column":12},"end":{"line":89,"column":13}},"loc":{"start":{"line":89,"column":18},"end":{"line":93,"column":3}},"line":89},"12":{"name":"(anonymous_12)","decl":{"start":{"line":90,"column":11},"end":{"line":90,"column":12}},"loc":{"start":{"line":90,"column":17},"end":{"line":92,"column":5}},"line":90},"13":{"name":"(anonymous_13)","decl":{"start":{"line":103,"column":19},"end":{"line":103,"column":20}},"loc":{"start":{"line":104,"column":10},"end":{"line":112,"column":12}},"line":104}},"branchMap":{"0":{"loc":{"start":{"line":31,"column":4},"end":{"line":36,"column":5}},"type":"if","locations":[{"start":{"line":31,"column":4},"end":{"line":36,"column":5}},{"start":{},"end":{}}],"line":31},"1":{"loc":{"start":{"line":38,"column":4},"end":{"line":43,"column":5}},"type":"if","locations":[{"start":{"line":38,"column":4},"end":{"line":43,"column":5}},{"start":{},"end":{}}],"line":38},"2":{"loc":{"start":{"line":38,"column":8},"end":{"line":38,"column":64}},"type":"binary-expr","locations":[{"start":{"line":38,"column":8},"end":{"line":38,"column":33}},{"start":{"line":38,"column":37},"end":{"line":38,"column":64}}],"line":38},"3":{"loc":{"start":{"line":45,"column":4},"end":{"line":49,"column":5}},"type":"if","locations":[{"start":{"line":45,"column":4},"end":{"line":49,"column":5}},{"start":{},"end":{}}],"line":45},"4":{"loc":{"start":{"line":77,"column":4},"end":{"line":80,"column":5}},"type":"if","locations":[{"start":{"line":77,"column":4},"end":{"line":80,"column":5}},{"start":{},"end":{}}],"line":77},"5":{"loc":{"start":{"line":77,"column":8},"end":{"line":77,"column":68}},"type":"binary-expr","locations":[{"start":{"line":77,"column":8},"end":{"line":77,"column":17}},{"start":{"line":77,"column":21},"end":{"line":77,"column":68}}],"line":77},"6":{"loc":{"start":{"line":84,"column":4},"end":{"line":86,"column":5}},"type":"if","locations":[{"start":{"line":84,"column":4},"end":{"line":86,"column":5}},{"start":{},"end":{}}],"line":84},"7":{"loc":{"start":{"line":95,"column":2},"end":{"line":98,"column":3}},"type":"if","locations":[{"start":{"line":95,"column":2},"end":{"line":98,"column":3}},{"start":{},"end":{}}],"line":95},"8":{"loc":{"start":{"line":109,"column":20},"end":{"line":109,"column":82}},"type":"binary-expr","locations":[{"start":{"line":109,"column":20},"end":{"line":109,"column":47}},{"start":{"line":109,"column":51},"end":{"line":109,"column":82}}],"line":109}},"s":{"0":1,"1":2,"2":2,"3":2,"4":2,"5":2,"6":2,"7":2,"8":1,"9":2,"10":2,"11":0,"12":0,"13":0,"14":0,"15":0,"16":0,"17":0,"18":0,"19":0,"20":0,"21":0,"22":0,"23":0,"24":0,"25":0,"26":0,"27":2,"28":0,"29":0,"30":2,"31":1,"32":2,"33":1,"34":1,"35":1,"36":1,"37":2,"38":2,"39":0,"40":0,"41":2,"42":1,"43":0,"44":2,"45":1,"46":1,"47":2,"48":1,"49":1,"50":2,"51":1},"f":{"0":2,"1":1,"2":2,"3":0,"4":0,"5":0,"6":1,"7":2,"8":1,"9":2,"10":1,"11":1,"12":1,"13":2},"b":{"0":[0,0],"1":[0,0],"2":[0,0],"3":[0,0],"4":[0,2],"5":[2,1],"6":[0,1],"7":[1,1],"8":[2,2]},"_coverageSchema":"1a1c01bbd47fc00a2c39e90264f33305004495a9","hash":"3a366a14bdc5911ed8e06d91e1ef3130ba6e62dd"}
,"/Users/hmanri/workspace/github-memory/src/app/theme/defaultTheme.js": {"path":"/Users/hmanri/workspace/github-memory/src/app/theme/defaultTheme.js","statementMap":{"0":{"start":{"line":1,"column":15},"end":{"line":21,"column":1}},"1":{"start":{"line":23,"column":17},"end":{"line":28,"column":1}},"2":{"start":{"line":30,"column":20},"end":{"line":33,"column":1}}},"fnMap":{},"branchMap":{},"s":{"0":6,"1":6,"2":6},"f":{},"b":{},"_coverageSchema":"1a1c01bbd47fc00a2c39e90264f33305004495a9","hash":"1493883e8d522932950bd62437be4c0c0b252e0d"}
,"/Users/hmanri/workspace/github-memory/src/app/theme/device.js": {"path":"/Users/hmanri/workspace/github-memory/src/app/theme/device.js","statementMap":{"0":{"start":{"line":1,"column":13},"end":{"line":4,"column":1}},"1":{"start":{"line":6,"column":22},"end":{"line":9,"column":1}}},"fnMap":{},"branchMap":{},"s":{"0":1,"1":1},"f":{},"b":{},"_coverageSchema":"1a1c01bbd47fc00a2c39e90264f33305004495a9","hash":"8cd0a4289899b6b20979148647ad95bea26d5687"}
,"/Users/hmanri/workspace/github-memory/src/app/utils/randomizeArray.js": {"path":"/Users/hmanri/workspace/github-memory/src/app/utils/randomizeArray.js","statementMap":{"0":{"start":{"line":2,"column":2},"end":{"line":4,"column":3}},"1":{"start":{"line":3,"column":4},"end":{"line":3,"column":16}},"2":{"start":{"line":6,"column":2},"end":{"line":6,"column":52}},"3":{"start":{"line":6,"column":31},"end":{"line":6,"column":50}}},"fnMap":{"0":{"name":"randomizeArray","decl":{"start":{"line":1,"column":16},"end":{"line":1,"column":30}},"loc":{"start":{"line":1,"column":38},"end":{"line":7,"column":1}},"line":1},"1":{"name":"(anonymous_1)","decl":{"start":{"line":6,"column":25},"end":{"line":6,"column":26}},"loc":{"start":{"line":6,"column":31},"end":{"line":6,"column":50}},"line":6}},"branchMap":{"0":{"loc":{"start":{"line":2,"column":2},"end":{"line":4,"column":3}},"type":"if","locations":[{"start":{"line":2,"column":2},"end":{"line":4,"column":3}},{"start":{},"end":{}}],"line":2},"1":{"loc":{"start":{"line":2,"column":6},"end":{"line":2,"column":37}},"type":"binary-expr","locations":[{"start":{"line":2,"column":6},"end":{"line":2,"column":12}},{"start":{"line":2,"column":16},"end":{"line":2,"column":37}}],"line":2}},"s":{"0":1,"1":0,"2":1,"3":2},"f":{"0":1,"1":2},"b":{"0":[0,1],"1":[1,1]},"_coverageSchema":"1a1c01bbd47fc00a2c39e90264f33305004495a9","hash":"c051f6355f404d443791fb0c60f980f29277153e"}
}
