TN:
SF:src/app/components/Button/Button.style.js
FN:5,(anonymous_0)
FN:5,(anonymous_1)
FN:10,(anonymous_2)
FN:11,(anonymous_3)
FN:12,(anonymous_4)
FN:13,(anonymous_5)
FN:16,(anonymous_6)
FN:20,(anonymous_7)
FN:23,(anonymous_8)
FN:27,(anonymous_9)
FN:28,(anonymous_10)
FN:32,(anonymous_11)
FNF:12
FNH:12
FNDA:6,(anonymous_0)
FNDA:6,(anonymous_1)
FNDA:6,(anonymous_2)
FNDA:6,(anonymous_3)
FNDA:6,(anonymous_4)
FNDA:6,(anonymous_5)
FNDA:6,(anonymous_6)
FNDA:6,(anonymous_7)
FNDA:6,(anonymous_8)
FNDA:1,(anonymous_9)
FNDA:1,(anonymous_10)
FNDA:1,(anonymous_11)
DA:3,3
DA:5,6
DA:10,6
DA:11,6
DA:12,6
DA:13,6
DA:16,6
DA:20,6
DA:24,6
DA:27,1
DA:28,1
DA:32,1
LF:12
LH:12
BRDA:24,0,0,6
BRDA:24,0,1,1
BRF:2
BRH:2
end_of_record
TN:
SF:src/app/components/Button/index.jsx
FN:6,Button
FNF:1
FNH:1
FNDA:6,Button
DA:7,6
DA:18,3
LF:2
LH:2
BRDA:10,0,0,5
BRDA:10,0,1,1
BRF:2
BRH:2
end_of_record
TN:
SF:src/app/components/Card/Card.style.js
FN:6,(anonymous_0)
FN:10,(anonymous_1)
FN:24,(anonymous_2)
FN:32,(anonymous_3)
FN:47,(anonymous_4)
FN:51,(anonymous_5)
FNF:6
FNH:6
FNDA:6,(anonymous_0)
FNDA:6,(anonymous_1)
FNDA:6,(anonymous_2)
FNDA:6,(anonymous_3)
FNDA:6,(anonymous_4)
FNDA:6,(anonymous_5)
DA:3,2
DA:6,6
DA:10,6
DA:25,6
DA:33,6
DA:41,2
DA:47,6
DA:52,6
LF:8
LH:8
BRDA:25,0,0,6
BRDA:25,0,1,1
BRDA:33,1,0,6
BRDA:33,1,1,1
BRDA:52,2,0,6
BRDA:52,2,1,1
BRF:6
BRH:6
end_of_record
TN:
SF:src/app/components/Card/index.jsx
FN:6,Card
FNF:1
FNH:1
FNDA:6,Card
DA:7,6
DA:20,2
LF:2
LH:2
BRDA:12,0,0,5
BRDA:12,0,1,1
BRF:2
BRH:2
end_of_record
TN:
SF:src/app/components/Modal/Modal.style.js
FN:14,(anonymous_0)
FN:23,(anonymous_1)
FN:30,(anonymous_2)
FN:35,(anonymous_3)
FN:36,(anonymous_4)
FN:38,(anonymous_5)
FNF:6
FNH:6
FNDA:4,(anonymous_0)
FNDA:4,(anonymous_1)
FNDA:4,(anonymous_2)
FNDA:4,(anonymous_3)
FNDA:4,(anonymous_4)
FNDA:4,(anonymous_5)
DA:3,1
DA:15,4
DA:21,1
DA:23,4
DA:30,4
DA:33,1
DA:35,4
DA:36,4
DA:38,4
LF:9
LH:9
BRDA:15,0,0,4
BRDA:15,0,1,2
BRF:2
BRH:2
end_of_record
TN:
SF:src/app/components/Modal/index.jsx
FN:7,Modal
FN:13,(anonymous_1)
FN:19,(anonymous_2)
FN:25,(anonymous_3)
FN:33,(anonymous_4)
FNF:5
FNH:3
FNDA:4,Modal
FNDA:0,(anonymous_1)
FNDA:0,(anonymous_2)
FNDA:1,(anonymous_3)
FNDA:4,(anonymous_4)
DA:8,4
DA:9,4
DA:10,4
DA:11,4
DA:13,4
DA:14,0
DA:15,0
DA:19,4
DA:20,0
DA:21,0
DA:24,4
DA:26,1
DA:27,1
DA:33,4
DA:34,4
DA:35,2
DA:37,2
DA:38,2
DA:41,2
DA:44,2
DA:45,0
DA:47,0
DA:48,0
DA:53,4
DA:55,4
DA:73,1
LF:26
LH:19
BRDA:14,0,0,0
BRDA:14,0,1,0
BRDA:14,1,0,0
BRDA:14,1,1,0
BRDA:26,2,0,1
BRDA:26,2,1,0
BRDA:34,3,0,2
BRDA:34,3,1,2
BRDA:34,4,0,4
BRDA:34,4,1,4
BRDA:37,5,0,2
BRDA:37,5,1,0
BRDA:44,6,0,0
BRDA:44,6,1,2
BRDA:44,7,0,2
BRDA:44,7,1,0
BRDA:47,8,0,0
BRDA:47,8,1,0
BRDA:53,9,0,0
BRDA:53,9,1,4
BRF:20
BRH:9
end_of_record
TN:
SF:src/app/components/Spinner/Spinner.style.js
FN:4,(anonymous_0)
FN:6,(anonymous_1)
FNF:2
FNH:2
FNDA:1,(anonymous_0)
FNDA:1,(anonymous_1)
DA:3,1
DA:4,1
DA:6,1
LF:3
LH:3
BRF:0
BRH:0
end_of_record
TN:
SF:src/app/components/Spinner/index.js
FN:6,Spinner
FNF:1
FNH:1
FNDA:1,Spinner
DA:7,1
DA:10,1
LF:2
LH:2
BRF:0
BRH:0
end_of_record
TN:
SF:src/app/constants/gameResult.js
FNF:0
FNH:0
DA:1,1
LF:1
LH:1
BRF:0
BRH:0
end_of_record
TN:
SF:src/app/hooks/useTimer.js
FN:8,useTimer
FN:13,(anonymous_1)
FN:17,(anonymous_2)
FN:24,(anonymous_3)
FN:26,(anonymous_4)
FNF:5
FNH:5
FNDA:6,useTimer
FNDA:2,(anonymous_1)
FNDA:1,(anonymous_2)
FNDA:6,(anonymous_3)
FNDA:2,(anonymous_4)
DA:3,2
DA:9,6
DA:10,6
DA:11,6
DA:13,6
DA:14,2
DA:17,6
DA:18,1
DA:19,1
DA:20,1
DA:24,6
DA:25,6
DA:26,3
DA:27,2
DA:32,6
LF:15
LH:15
BRDA:18,0,0,1
BRDA:18,0,1,0
BRDA:25,1,0,3
BRDA:25,1,1,3
BRDA:25,2,0,6
BRDA:25,2,1,4
BRF:6
BRH:5
end_of_record
TN:
SF:src/app/pages/Home/Home.style.js
FN:16,(anonymous_0)
FN:20,(anonymous_1)
FN:28,(anonymous_2)
FN:32,(anonymous_3)
FN:33,(anonymous_4)
FN:37,(anonymous_5)
FN:42,(anonymous_6)
FNF:7
FNH:7
FNDA:1,(anonymous_0)
FNDA:1,(anonymous_1)
FNDA:1,(anonymous_2)
FNDA:1,(anonymous_3)
FNDA:1,(anonymous_4)
FNDA:1,(anonymous_5)
FNDA:1,(anonymous_6)
DA:3,1
DA:8,1
DA:16,1
DA:20,1
DA:24,1
DA:28,1
DA:31,1
DA:32,1
DA:33,1
DA:36,1
DA:37,1
DA:41,1
DA:42,1
DA:46,1
LF:14
LH:14
BRF:0
BRH:0
end_of_record
TN:
SF:src/app/pages/Home/index.jsx
FN:15,Home
FN:27,(anonymous_1)
FNF:2
FNH:1
FNDA:1,Home
FNDA:0,(anonymous_1)
DA:16,1
DA:18,1
DA:27,0
LF:3
LH:2
BRF:0
BRH:0
end_of_record
TN:
SF:src/app/pages/Match/components/Board/Board.style.js
FN:19,(anonymous_0)
FN:31,(anonymous_1)
FN:32,(anonymous_2)
FN:33,(anonymous_3)
FN:43,(anonymous_4)
FNF:5
FNH:5
FNDA:1,(anonymous_0)
FNDA:1,(anonymous_1)
FNDA:1,(anonymous_2)
FNDA:1,(anonymous_3)
FNDA:3,(anonymous_4)
DA:4,1
DA:13,1
DA:19,1
DA:27,1
DA:31,1
DA:32,1
DA:33,1
DA:42,1
DA:43,3
DA:46,1
LF:10
LH:10
BRF:0
BRH:0
end_of_record
TN:
SF:src/app/pages/Match/components/Board/index.jsx
FN:18,Board
FN:26,(anonymous_1)
FN:30,(anonymous_2)
FN:30,(anonymous_3)
FN:53,(anonymous_4)
FN:60,(anonymous_5)
FN:65,(anonymous_6)
FN:67,(anonymous_7)
FN:67,(anonymous_8)
FN:76,(anonymous_9)
FN:83,(anonymous_10)
FN:89,(anonymous_11)
FN:90,(anonymous_12)
FN:103,(anonymous_13)
FNF:14
FNH:11
FNDA:2,Board
FNDA:1,(anonymous_1)
FNDA:2,(anonymous_2)
FNDA:0,(anonymous_3)
FNDA:0,(anonymous_4)
FNDA:0,(anonymous_5)
FNDA:1,(anonymous_6)
FNDA:2,(anonymous_7)
FNDA:1,(anonymous_8)
FNDA:2,(anonymous_9)
FNDA:1,(anonymous_10)
FNDA:1,(anonymous_11)
FNDA:1,(anonymous_12)
FNDA:2,(anonymous_13)
DA:16,1
DA:19,2
DA:20,2
DA:21,2
DA:22,2
DA:23,2
DA:24,2
DA:26,2
DA:27,1
DA:30,2
DA:31,0
DA:33,0
DA:34,0
DA:35,0
DA:38,0
DA:40,0
DA:41,0
DA:42,0
DA:45,0
DA:47,0
DA:48,0
DA:52,0
DA:53,0
DA:54,0
DA:55,0
DA:56,0
DA:60,2
DA:61,0
DA:62,0
DA:65,2
DA:66,1
DA:67,2
DA:68,1
DA:69,1
DA:72,1
DA:73,1
DA:76,2
DA:77,2
DA:78,0
DA:79,0
DA:83,2
DA:84,1
DA:85,0
DA:89,2
DA:90,1
DA:91,1
DA:95,2
DA:97,1
DA:100,1
DA:104,2
DA:136,1
LF:51
LH:30
BRDA:31,0,0,0
BRDA:31,0,1,0
BRDA:38,1,0,0
BRDA:38,1,1,0
BRDA:38,2,0,0
BRDA:38,2,1,0
BRDA:45,3,0,0
BRDA:45,3,1,0
BRDA:77,4,0,0
BRDA:77,4,1,2
BRDA:77,5,0,2
BRDA:77,5,1,1
BRDA:84,6,0,0
BRDA:84,6,1,1
BRDA:95,7,0,1
BRDA:95,7,1,1
BRDA:109,8,0,2
BRDA:109,8,1,2
BRF:18
BRH:8
end_of_record
TN:
SF:src/app/theme/defaultTheme.js
FNF:0
FNH:0
DA:1,6
DA:23,6
DA:30,6
LF:3
LH:3
BRF:0
BRH:0
end_of_record
TN:
SF:src/app/theme/device.js
FNF:0
FNH:0
DA:1,1
DA:6,1
LF:2
LH:2
BRF:0
BRH:0
end_of_record
TN:
SF:src/app/utils/randomizeArray.js
FN:1,randomizeArray
FN:6,(anonymous_1)
FNF:2
FNH:2
FNDA:1,randomizeArray
FNDA:2,(anonymous_1)
DA:2,1
DA:3,0
DA:6,2
LF:3
LH:2
BRDA:2,0,0,0
BRDA:2,0,1,1
BRDA:2,1,0,1
BRDA:2,1,1,1
BRF:4
BRH:3
end_of_record
